[2025-01-24 19:41:45,632: INFO: _internal: [31m[1mWARNING: This is a development server. Do not use it in a production deployment. Use a production WSGI server instead.[0m
 * Running on all addresses (0.0.0.0)
 * Running on http://127.0.0.1:8080
 * Running on http://192.168.1.2:8080]
[2025-01-24 19:41:45,669: INFO: _internal: [33mPress CTRL+C to quit[0m]
[2025-01-24 19:42:03,900: INFO: _internal: 127.0.0.1 - - [24/Jan/2025 19:42:03] "GET / HTTP/1.1" 200 -]
[2025-01-24 19:42:05,072: INFO: _internal: 127.0.0.1 - - [24/Jan/2025 19:42:05] "[33mGET /static/assets/img/form-v9.jpg HTTP/1.1[0m" 404 -]
[2025-01-24 19:42:06,788: INFO: _internal: 127.0.0.1 - - [24/Jan/2025 19:42:06] "[33mGET /favicon.ico HTTP/1.1[0m" 404 -]
[2025-01-24 19:43:16,130: INFO: main: >>>>>> stage Data Ingestion stage started <<<<<<]
[2025-01-24 19:43:16,143: INFO: common: yaml file: config\config.yaml loaded successfully]
[2025-01-24 19:43:16,207: INFO: common: yaml file: params.yaml loaded successfully]
[2025-01-24 19:43:16,239: INFO: common: yaml file: schema.yaml loaded successfully]
[2025-01-24 19:43:16,244: INFO: common: created directory at: artifacts]
[2025-01-24 19:43:16,245: INFO: common: created directory at: artifacts/data_ingestion]
[2025-01-24 19:43:18,269: INFO: data_ingestion: artifacts/data_ingestion/data.zip download! with following info: 
Connection: close
Content-Length: 23329
Cache-Control: max-age=300
Content-Security-Policy: default-src 'none'; style-src 'unsafe-inline'; sandbox
Content-Type: application/zip
ETag: "c69888a4ae59bc5a893392785a938ccd4937981c06ba8a9d6a21aa52b4ab5b6e"
Strict-Transport-Security: max-age=31536000
X-Content-Type-Options: nosniff
X-Frame-Options: deny
X-XSS-Protection: 1; mode=block
X-GitHub-Request-Id: 4150:850CA:26C663:366B0B:67939FFD
Accept-Ranges: bytes
Date: Fri, 24 Jan 2025 14:13:17 GMT
Via: 1.1 varnish
X-Served-By: cache-maa10244-MAA
X-Cache: MISS
X-Cache-Hits: 0
X-Timer: S1737727998.728170,VS0,VE255
Vary: Authorization,Accept-Encoding,Origin
Access-Control-Allow-Origin: *
Cross-Origin-Resource-Policy: cross-origin
X-Fastly-Request-ID: bd9736a30ad52bbc2b633e956882a59b6de0aca5
Expires: Fri, 24 Jan 2025 14:18:17 GMT
Source-Age: 0

]
[2025-01-24 19:43:18,735: INFO: main: >>>>>> stage Data Ingestion stage completed <<<<<<

x==========x]
[2025-01-24 19:43:18,737: INFO: main: >>>>>> stage Data Validation stage started <<<<<<]
[2025-01-24 19:43:18,745: INFO: common: yaml file: config\config.yaml loaded successfully]
[2025-01-24 19:43:18,747: INFO: common: yaml file: params.yaml loaded successfully]
[2025-01-24 19:43:18,757: INFO: common: yaml file: schema.yaml loaded successfully]
[2025-01-24 19:43:18,758: INFO: common: created directory at: artifacts]
[2025-01-24 19:43:18,759: INFO: common: created directory at: artifacts/data_validation]
[2025-01-24 19:43:19,109: INFO: main: >>>>>> stage Data Validation stage completed <<<<<<

x==========x]
[2025-01-24 19:43:19,112: INFO: main: >>>>>> stage Data Transformation stage started <<<<<<]
[2025-01-24 19:43:19,181: INFO: common: yaml file: config\config.yaml loaded successfully]
[2025-01-24 19:43:19,185: INFO: common: yaml file: params.yaml loaded successfully]
[2025-01-24 19:43:19,190: INFO: common: yaml file: schema.yaml loaded successfully]
[2025-01-24 19:43:19,193: INFO: common: created directory at: artifacts]
[2025-01-24 19:43:19,233: INFO: common: created directory at: artifacts/data_transformation]
[2025-01-24 19:43:20,063: INFO: data_transformation: Splited data into training and test sets]
[2025-01-24 19:43:20,066: INFO: data_transformation: (1199, 12)]
[2025-01-24 19:43:20,069: INFO: data_transformation: (400, 12)]
[2025-01-24 19:43:20,077: INFO: main: >>>>>> stage Data Transformation stage completed <<<<<<

x==========x]
[2025-01-24 19:43:20,082: INFO: main: >>>>>> stage Model Trainer stage started <<<<<<]
[2025-01-24 19:43:20,125: INFO: common: yaml file: config\config.yaml loaded successfully]
[2025-01-24 19:43:20,128: INFO: common: yaml file: params.yaml loaded successfully]
[2025-01-24 19:43:20,140: INFO: common: yaml file: schema.yaml loaded successfully]
[2025-01-24 19:43:20,143: INFO: common: created directory at: artifacts]
[2025-01-24 19:43:20,144: INFO: common: created directory at: artifacts/model_trainer]
[2025-01-24 19:43:20,646: INFO: main: >>>>>> stage Model Trainer stage completed <<<<<<

x==========x]
[2025-01-24 19:43:20,649: INFO: main: >>>>>> stage Model evaluation stage started <<<<<<]
[2025-01-24 19:43:20,671: INFO: common: yaml file: config\config.yaml loaded successfully]
[2025-01-24 19:43:20,695: INFO: common: yaml file: params.yaml loaded successfully]
[2025-01-24 19:43:20,713: INFO: common: yaml file: schema.yaml loaded successfully]
[2025-01-24 19:43:20,746: INFO: common: created directory at: artifacts]
[2025-01-24 19:43:20,759: INFO: common: created directory at: artifacts/model_evaluation]
[2025-01-24 19:43:29,374: INFO: common: json file saved at: artifacts\model_evaluation\metrics.json]
[2025-01-24 19:44:43,917: INFO: main: >>>>>> stage Model evaluation stage completed <<<<<<

x==========x]
[2025-01-24 19:44:45,052: INFO: _internal: 127.0.0.1 - - [24/Jan/2025 19:44:45] "GET /train HTTP/1.1" 200 -]
[2025-01-24 19:45:15,511: INFO: _internal: 127.0.0.1 - - [24/Jan/2025 19:45:15] "GET / HTTP/1.1" 200 -]
[2025-01-24 19:45:15,586: INFO: _internal: 127.0.0.1 - - [24/Jan/2025 19:45:15] "[33mGET /static/assets/img/form-v9.jpg HTTP/1.1[0m" 404 -]
[2025-01-24 19:45:46,606: INFO: _internal: 127.0.0.1 - - [24/Jan/2025 19:45:46] "POST /predict HTTP/1.1" 200 -]
